Using TensorFlow backend.
WARNING:tensorflow:From /vol/bitbucket/sc5316/miniconda3/lib/python3.7/site-packages/tensorflow_core/python/ops/resource_variable_ops.py:1630: calling BaseResourceVariable.__init__ (from tensorflow.python.ops.resource_variable_ops) with constraint is deprecated and will be removed in a future version.
Instructions for updating:
If using Keras pass *_constraint arguments to layers.
WARNING:tensorflow:From /vol/bitbucket/sc5316/miniconda3/lib/python3.7/site-packages/keras/backend/tensorflow_backend.py:4070: The name tf.nn.max_pool is deprecated. Please use tf.nn.max_pool2d instead.

x_train shape: (50000, 32, 32, 3)
50000 train samples
10000 test samples
Downloading data from https://github.com/fchollet/deep-learning-models/releases/download/v0.1/vgg16_weights_tf_dim_ordering_tf_kernels.h5

     8192/553467096 [..............................] - ETA: 9s
    24576/553467096 [..............................] - ETA: 30:42
    57344/553467096 [..............................] - ETA: 26:23
   106496/553467096 [..............................] - ETA: 21:21
   212992/553467096 [..............................] - ETA: 14:15
   335872/553467096 [..............................] - ETA: 11:18
   557056/553467096 [..............................] - ETA: 8:10 
  1032192/553467096 [..............................] - ETA: 5:08
  1949696/553467096 [..............................] - ETA: 3:06
  3170304/553467096 [..............................] - ETA: 2:08
  4677632/553467096 [..............................] - ETA: 1:36
  7364608/553467096 [..............................] - ETA: 1:04
  9494528/553467096 [..............................] - ETA: 54s 
 11853824/553467096 [..............................] - ETA: 47s
 14196736/553467096 [..............................] - ETA: 41s
 14557184/553467096 [..............................] - ETA: 42s
 16670720/553467096 [..............................] - ETA: 38s
 18489344/553467096 [>.............................] - ETA: 36s
 19374080/553467096 [>.............................] - ETA: 36s
 21553152/553467096 [>.............................] - ETA: 33s
 23273472/553467096 [>.............................] - ETA: 32s
 24256512/553467096 [>.............................] - ETA: 32s
 26451968/553467096 [>.............................] - ETA: 30s
 28123136/553467096 [>.............................] - ETA: 29s
 29220864/553467096 [>.............................] - ETA: 29s
 31457280/553467096 [>.............................] - ETA: 28s
 33120256/553467096 [>.............................] - ETA: 27s
 34267136/553467096 [>.............................] - ETA: 27s
 36511744/553467096 [>.............................] - ETA: 26s
 38264832/553467096 [=>............................] - ETA: 25s
 39346176/553467096 [=>............................] - ETA: 25s
 41639936/553467096 [=>............................] - ETA: 24s
 43302912/553467096 [=>............................] - ETA: 24s
 44523520/553467096 [=>............................] - ETA: 24s
 46866432/553467096 [=>............................] - ETA: 23s
 48570368/553467096 [=>............................] - ETA: 23s
 49782784/553467096 [=>............................] - ETA: 23s
 52142080/553467096 [=>............................] - ETA: 22s
 53878784/553467096 [=>............................] - ETA: 22s
 55091200/553467096 [=>............................] - ETA: 22s
 57483264/553467096 [==>...........................] - ETA: 21s
 59203584/553467096 [==>...........................] - ETA: 21s
 60465152/553467096 [==>...........................] - ETA: 21s
 62889984/553467096 [==>...........................] - ETA: 21s
 64741376/553467096 [==>...........................] - ETA: 20s
 65888256/553467096 [==>...........................] - ETA: 20s
 68362240/553467096 [==>...........................] - ETA: 20s
 69869568/553467096 [==>...........................] - ETA: 20s
 71393280/553467096 [==>...........................] - ETA: 20s
 73883648/553467096 [===>..........................] - ETA: 19s
 75407360/553467096 [===>..........................] - ETA: 19s
 76947456/553467096 [===>..........................] - ETA: 19s
 79421440/553467096 [===>..........................] - ETA: 19s
 80748544/553467096 [===>..........................] - ETA: 18s
 82550784/553467096 [===>..........................] - ETA: 18s
 84942848/553467096 [===>..........................] - ETA: 18s
 86401024/553467096 [===>..........................] - ETA: 18s
 88219648/553467096 [===>..........................] - ETA: 18s
 90710016/553467096 [===>..........................] - ETA: 17s
 92119040/553467096 [===>..........................] - ETA: 17s
 93921280/553467096 [====>.........................] - ETA: 17s
 96313344/553467096 [====>.........................] - ETA: 17s
 97837056/553467096 [====>.........................] - ETA: 17s
 99672064/553467096 [====>.........................] - ETA: 17s
102064128/553467096 [====>.........................] - ETA: 17s
103636992/553467096 [====>.........................] - ETA: 16s
105488384/553467096 [====>.........................] - ETA: 16s
107798528/553467096 [====>.........................] - ETA: 16s
109502464/553467096 [====>.........................] - ETA: 16s
111337472/553467096 [=====>........................] - ETA: 16s
113680384/553467096 [=====>........................] - ETA: 16s
115384320/553467096 [=====>........................] - ETA: 16s
117235712/553467096 [=====>........................] - ETA: 15s
119545856/553467096 [=====>........................] - ETA: 15s
121298944/553467096 [=====>........................] - ETA: 15s
123183104/553467096 [=====>........................] - ETA: 15s
125526016/553467096 [=====>........................] - ETA: 15s
127262720/553467096 [=====>........................] - ETA: 15s
129179648/553467096 [======>.......................] - ETA: 15s
131538944/553467096 [======>.......................] - ETA: 14s
133177344/553467096 [======>.......................] - ETA: 14s
135208960/553467096 [======>.......................] - ETA: 14s
137584640/553467096 [======>.......................] - ETA: 14s
139321344/553467096 [======>.......................] - ETA: 14s
141271040/553467096 [======>.......................] - ETA: 14s
143663104/553467096 [======>.......................] - ETA: 14s
145334272/553467096 [======>.......................] - ETA: 14s
147365888/553467096 [======>.......................] - ETA: 14s
149774336/553467096 [=======>......................] - ETA: 13s
151396352/553467096 [=======>......................] - ETA: 13s
153362432/553467096 [=======>......................] - ETA: 13s
155918336/553467096 [=======>......................] - ETA: 13s
157294592/553467096 [=======>......................] - ETA: 13s
159391744/553467096 [=======>......................] - ETA: 13s
161923072/553467096 [=======>......................] - ETA: 13s
163471360/553467096 [=======>......................] - ETA: 13s
165584896/553467096 [=======>......................] - ETA: 13s
167829504/553467096 [========>.....................] - ETA: 13s
169680896/553467096 [========>.....................] - ETA: 12s
171827200/553467096 [========>.....................] - ETA: 12s
174055424/553467096 [========>.....................] - ETA: 12s
175906816/553467096 [========>.....................] - ETA: 12s
178036736/553467096 [========>.....................] - ETA: 12s
180297728/553467096 [========>.....................] - ETA: 12s
182181888/553467096 [========>.....................] - ETA: 12s
184229888/553467096 [========>.....................] - ETA: 12s
186540032/553467096 [=========>....................] - ETA: 12s
188096512/553467096 [=========>....................] - ETA: 12s
190226432/553467096 [=========>....................] - ETA: 11s
192782336/553467096 [=========>....................] - ETA: 11s
194109440/553467096 [=========>....................] - ETA: 11s
196141056/553467096 [=========>....................] - ETA: 11s
198844416/553467096 [=========>....................] - ETA: 11s
200286208/553467096 [=========>....................] - ETA: 11s
202366976/553467096 [=========>....................] - ETA: 11s
204759040/553467096 [==========>...................] - ETA: 11s
206528512/553467096 [==========>...................] - ETA: 11s
208609280/553467096 [==========>...................] - ETA: 11s
210821120/553467096 [==========>...................] - ETA: 11s
212770816/553467096 [==========>...................] - ETA: 11s
214867968/553467096 [==========>...................] - ETA: 10s
217047040/553467096 [==========>...................] - ETA: 10s
219029504/553467096 [==========>...................] - ETA: 10s
221093888/553467096 [==========>...................] - ETA: 10s
223305728/553467096 [===========>..................] - ETA: 10s
225189888/553467096 [===========>..................] - ETA: 10s
227254272/553467096 [===========>..................] - ETA: 10s
229548032/553467096 [===========>..................] - ETA: 10s
231219200/553467096 [===========>..................] - ETA: 10s
233398272/553467096 [===========>..................] - ETA: 10s
235790336/553467096 [===========>..................] - ETA: 10s
237068288/553467096 [===========>..................] - ETA: 10s
239345664/553467096 [===========>..................] - ETA: 9s 
242032640/553467096 [============>.................] - ETA: 9s
243277824/553467096 [============>.................] - ETA: 9s
245391360/553467096 [============>.................] - ETA: 9s
248193024/553467096 [============>.................] - ETA: 9s
249520128/553467096 [============>.................] - ETA: 9s
251617280/553467096 [============>.................] - ETA: 9s
254189568/553467096 [============>.................] - ETA: 9s
255762432/553467096 [============>.................] - ETA: 9s
257859584/553467096 [============>.................] - ETA: 9s
260136960/553467096 [=============>................] - ETA: 9s
262004736/553467096 [=============>................] - ETA: 9s
264101888/553467096 [=============>................] - ETA: 9s
266346496/553467096 [=============>................] - ETA: 8s
268263424/553467096 [=============>................] - ETA: 8s
270344192/553467096 [=============>................] - ETA: 8s
272621568/553467096 [=============>................] - ETA: 8s
274522112/553467096 [=============>................] - ETA: 8s
276602880/553467096 [=============>................] - ETA: 8s
278880256/553467096 [==============>...............] - ETA: 8s
280731648/553467096 [==============>...............] - ETA: 8s
282845184/553467096 [==============>...............] - ETA: 8s
285138944/553467096 [==============>...............] - ETA: 8s
286793728/553467096 [==============>...............] - ETA: 8s
288841728/553467096 [==============>...............] - ETA: 8s
291381248/553467096 [==============>...............] - ETA: 8s
292610048/553467096 [==============>...............] - ETA: 8s
294772736/553467096 [==============>...............] - ETA: 7s
297639936/553467096 [===============>..............] - ETA: 7s
298835968/553467096 [===============>..............] - ETA: 7s
300949504/553467096 [===============>..............] - ETA: 7s
303882240/553467096 [===============>..............] - ETA: 7s
305094656/553467096 [===============>..............] - ETA: 7s
307208192/553467096 [===============>..............] - ETA: 7s
310091776/553467096 [===============>..............] - ETA: 7s
311345152/553467096 [===============>..............] - ETA: 7s
313466880/553467096 [===============>..............] - ETA: 7s
315924480/553467096 [================>.............] - ETA: 7s
317579264/553467096 [================>.............] - ETA: 7s
319741952/553467096 [================>.............] - ETA: 7s
322060288/553467096 [================>.............] - ETA: 7s
323870720/553467096 [================>.............] - ETA: 6s
326000640/553467096 [================>.............] - ETA: 6s
328196096/553467096 [================>.............] - ETA: 6s
329801728/553467096 [================>.............] - ETA: 6s
332259328/553467096 [=================>............] - ETA: 6s
334454784/553467096 [=================>............] - ETA: 6s
335962112/553467096 [=================>............] - ETA: 6s
338452480/553467096 [=================>............] - ETA: 6s
340713472/553467096 [=================>............] - ETA: 6s
341901312/553467096 [=================>............] - ETA: 6s
344580096/553467096 [=================>............] - ETA: 6s
346955776/553467096 [=================>............] - ETA: 6s
348135424/553467096 [=================>............] - ETA: 6s
350756864/553467096 [==================>...........] - ETA: 6s
353189888/553467096 [==================>...........] - ETA: 6s
354328576/553467096 [==================>...........] - ETA: 5s
356704256/553467096 [==================>...........] - ETA: 5s
359055360/553467096 [==================>...........] - ETA: 5s
360587264/553467096 [==================>...........] - ETA: 5s
362815488/553467096 [==================>...........] - ETA: 5s
364781568/553467096 [==================>...........] - ETA: 5s
366551040/553467096 [==================>...........] - ETA: 5s
368697344/553467096 [==================>...........] - ETA: 5s
370073600/553467096 [===================>..........] - ETA: 5s
372203520/553467096 [===================>..........] - ETA: 5s
374317056/553467096 [===================>..........] - ETA: 5s
376250368/553467096 [===================>..........] - ETA: 5s
378445824/553467096 [===================>..........] - ETA: 5s
380575744/553467096 [===================>..........] - ETA: 5s
382492672/553467096 [===================>..........] - ETA: 5s
384712704/553467096 [===================>..........] - ETA: 5s
385867776/553467096 [===================>..........] - ETA: 5s
387883008/553467096 [====================>.........] - ETA: 4s
390029312/553467096 [====================>.........] - ETA: 4s
391929856/553467096 [====================>.........] - ETA: 4s
394059776/553467096 [====================>.........] - ETA: 4s
396197888/553467096 [====================>.........] - ETA: 4s
397656064/553467096 [====================>.........] - ETA: 4s
399949824/553467096 [====================>.........] - ETA: 4s
401514496/553467096 [====================>.........] - ETA: 4s
403513344/553467096 [====================>.........] - ETA: 4s
405626880/553467096 [====================>.........] - ETA: 4s
407068672/553467096 [=====================>........] - ETA: 4s
409280512/553467096 [=====================>........] - ETA: 4s
411467776/553467096 [=====================>........] - ETA: 4s
413081600/553467096 [=====================>........] - ETA: 4s
415227904/553467096 [=====================>........] - ETA: 4s
417120256/553467096 [=====================>........] - ETA: 4s
418783232/553467096 [=====================>........] - ETA: 3s
420683776/553467096 [=====================>........] - ETA: 3s
422502400/553467096 [=====================>........] - ETA: 3s
424632320/553467096 [======================>.......] - ETA: 3s
426582016/553467096 [======================>.......] - ETA: 3s
428228608/553467096 [======================>.......] - ETA: 3s
429989888/553467096 [======================>.......] - ETA: 3s
431955968/553467096 [======================>.......] - ETA: 3s
434020352/553467096 [======================>.......] - ETA: 3s
436101120/553467096 [======================>.......] - ETA: 3s
438132736/553467096 [======================>.......] - ETA: 3s
440229888/553467096 [======================>.......] - ETA: 3s
442073088/553467096 [======================>.......] - ETA: 3s
443457536/553467096 [=======================>......] - ETA: 3s
445538304/553467096 [=======================>......] - ETA: 3s
447602688/553467096 [=======================>......] - ETA: 3s
449306624/553467096 [=======================>......] - ETA: 3s
451616768/553467096 [=======================>......] - ETA: 2s
452943872/553467096 [=======================>......] - ETA: 2s
455024640/553467096 [=======================>......] - ETA: 2s
457089024/553467096 [=======================>......] - ETA: 2s
458956800/553467096 [=======================>......] - ETA: 2s
461135872/553467096 [=======================>......] - ETA: 2s
462561280/553467096 [========================>.....] - ETA: 2s
464494592/553467096 [========================>.....] - ETA: 2s
466575360/553467096 [========================>.....] - ETA: 2s
468475904/553467096 [========================>.....] - ETA: 2s
470573056/553467096 [========================>.....] - ETA: 2s
471867392/553467096 [========================>.....] - ETA: 2s
473931776/553467096 [========================>.....] - ETA: 2s
476028928/553467096 [========================>.....] - ETA: 2s
477962240/553467096 [========================>.....] - ETA: 2s
480043008/553467096 [=========================>....] - ETA: 2s
481304576/553467096 [=========================>....] - ETA: 2s
483401728/553467096 [=========================>....] - ETA: 2s
485498880/553467096 [=========================>....] - ETA: 1s
487481344/553467096 [=========================>....] - ETA: 1s
489512960/553467096 [=========================>....] - ETA: 1s
491053056/553467096 [=========================>....] - ETA: 1s
492838912/553467096 [=========================>....] - ETA: 1s
494936064/553467096 [=========================>....] - ETA: 1s
496918528/553467096 [=========================>....] - ETA: 1s
498999296/553467096 [==========================>...] - ETA: 1s
501096448/553467096 [==========================>...] - ETA: 1s
503078912/553467096 [==========================>...] - ETA: 1s
505143296/553467096 [==========================>...] - ETA: 1s
506404864/553467096 [==========================>...] - ETA: 1s
508518400/553467096 [==========================>...] - ETA: 1s
510566400/553467096 [==========================>...] - ETA: 1s
512548864/553467096 [==========================>...] - ETA: 1s
514646016/553467096 [==========================>...] - ETA: 1s
516136960/553467096 [==========================>...] - ETA: 1s
517988352/553467096 [===========================>..] - ETA: 1s
520101888/553467096 [===========================>..] - ETA: 0s
522084352/553467096 [===========================>..] - ETA: 0s
524181504/553467096 [===========================>..] - ETA: 0s
526213120/553467096 [===========================>..] - ETA: 0s
527859712/553467096 [===========================>..] - ETA: 0s
529932288/553467096 [===========================>..] - ETA: 0s
531537920/553467096 [===========================>..] - ETA: 0s
533618688/553467096 [===========================>..] - ETA: 0s
535633920/553467096 [============================>.] - ETA: 0s
537403392/553467096 [============================>.] - ETA: 0s
539353088/553467096 [============================>.] - ETA: 0s
540991488/553467096 [============================>.] - ETA: 0s
543055872/553467096 [============================>.] - ETA: 0s
545169408/553467096 [============================>.] - ETA: 0s
547069952/553467096 [============================>.] - ETA: 0s
549117952/553467096 [============================>.] - ETA: 0s
550461440/553467096 [============================>.] - ETA: 0s
552493056/553467096 [============================>.] - ETA: 0s
553467904/553467096 [==============================] - 16s 0us/step
2020-01-08 14:43:30.237214: I tensorflow/stream_executor/platform/default/dso_loader.cc:44] Successfully opened dynamic library libcuda.so.1
2020-01-08 14:43:30.333167: I tensorflow/core/common_runtime/gpu/gpu_device.cc:1618] Found device 0 with properties: 
name: TITAN Xp major: 6 minor: 1 memoryClockRate(GHz): 1.582
pciBusID: 0000:1d:00.0
2020-01-08 14:43:30.334822: I tensorflow/core/common_runtime/gpu/gpu_device.cc:1618] Found device 1 with properties: 
name: TITAN Xp major: 6 minor: 1 memoryClockRate(GHz): 1.582
pciBusID: 0000:1e:00.0
2020-01-08 14:43:30.384311: I tensorflow/stream_executor/platform/default/dso_loader.cc:44] Successfully opened dynamic library libcudart.so.10.0
2020-01-08 14:43:30.763600: I tensorflow/stream_executor/platform/default/dso_loader.cc:44] Successfully opened dynamic library libcublas.so.10.0
2020-01-08 14:43:31.203006: I tensorflow/stream_executor/platform/default/dso_loader.cc:44] Successfully opened dynamic library libcufft.so.10.0
2020-01-08 14:43:31.570078: I tensorflow/stream_executor/platform/default/dso_loader.cc:44] Successfully opened dynamic library libcurand.so.10.0
2020-01-08 14:43:31.949716: I tensorflow/stream_executor/platform/default/dso_loader.cc:44] Successfully opened dynamic library libcusolver.so.10.0
2020-01-08 14:43:32.229224: I tensorflow/stream_executor/platform/default/dso_loader.cc:44] Successfully opened dynamic library libcusparse.so.10.0
2020-01-08 14:43:32.837954: I tensorflow/stream_executor/platform/default/dso_loader.cc:44] Successfully opened dynamic library libcudnn.so.7
2020-01-08 14:43:32.854766: I tensorflow/core/common_runtime/gpu/gpu_device.cc:1746] Adding visible gpu devices: 0, 1
2020-01-08 14:43:32.855703: I tensorflow/core/platform/cpu_feature_guard.cc:142] Your CPU supports instructions that this TensorFlow binary was not compiled to use: AVX2 AVX512F FMA
2020-01-08 14:43:32.887880: I tensorflow/core/platform/profile_utils/cpu_utils.cc:94] CPU Frequency: 2100000000 Hz
2020-01-08 14:43:32.888351: I tensorflow/compiler/xla/service/service.cc:168] XLA service 0x55aba8655c50 initialized for platform Host (this does not guarantee that XLA will be used). Devices:
2020-01-08 14:43:32.888389: I tensorflow/compiler/xla/service/service.cc:176]   StreamExecutor device (0): Host, Default Version
2020-01-08 14:43:33.297281: I tensorflow/compiler/xla/service/service.cc:168] XLA service 0x55abad7b43c0 initialized for platform CUDA (this does not guarantee that XLA will be used). Devices:
2020-01-08 14:43:33.297355: I tensorflow/compiler/xla/service/service.cc:176]   StreamExecutor device (0): TITAN Xp, Compute Capability 6.1
2020-01-08 14:43:33.297377: I tensorflow/compiler/xla/service/service.cc:176]   StreamExecutor device (1): TITAN Xp, Compute Capability 6.1
2020-01-08 14:43:33.309050: I tensorflow/core/common_runtime/gpu/gpu_device.cc:1618] Found device 0 with properties: 
name: TITAN Xp major: 6 minor: 1 memoryClockRate(GHz): 1.582
pciBusID: 0000:1d:00.0
2020-01-08 14:43:33.312626: I tensorflow/core/common_runtime/gpu/gpu_device.cc:1618] Found device 1 with properties: 
name: TITAN Xp major: 6 minor: 1 memoryClockRate(GHz): 1.582
pciBusID: 0000:1e:00.0
2020-01-08 14:43:33.312699: I tensorflow/stream_executor/platform/default/dso_loader.cc:44] Successfully opened dynamic library libcudart.so.10.0
2020-01-08 14:43:33.312732: I tensorflow/stream_executor/platform/default/dso_loader.cc:44] Successfully opened dynamic library libcublas.so.10.0
2020-01-08 14:43:33.312762: I tensorflow/stream_executor/platform/default/dso_loader.cc:44] Successfully opened dynamic library libcufft.so.10.0
2020-01-08 14:43:33.312791: I tensorflow/stream_executor/platform/default/dso_loader.cc:44] Successfully opened dynamic library libcurand.so.10.0
2020-01-08 14:43:33.312821: I tensorflow/stream_executor/platform/default/dso_loader.cc:44] Successfully opened dynamic library libcusolver.so.10.0
2020-01-08 14:43:33.312849: I tensorflow/stream_executor/platform/default/dso_loader.cc:44] Successfully opened dynamic library libcusparse.so.10.0
2020-01-08 14:43:33.312879: I tensorflow/stream_executor/platform/default/dso_loader.cc:44] Successfully opened dynamic library libcudnn.so.7
2020-01-08 14:43:33.323891: I tensorflow/core/common_runtime/gpu/gpu_device.cc:1746] Adding visible gpu devices: 0, 1
2020-01-08 14:43:33.323951: I tensorflow/stream_executor/platform/default/dso_loader.cc:44] Successfully opened dynamic library libcudart.so.10.0
2020-01-08 14:43:33.329198: I tensorflow/core/common_runtime/gpu/gpu_device.cc:1159] Device interconnect StreamExecutor with strength 1 edge matrix:
2020-01-08 14:43:33.329215: I tensorflow/core/common_runtime/gpu/gpu_device.cc:1165]      0 1 
2020-01-08 14:43:33.329223: I tensorflow/core/common_runtime/gpu/gpu_device.cc:1178] 0:   N Y 
2020-01-08 14:43:33.329230: I tensorflow/core/common_runtime/gpu/gpu_device.cc:1178] 1:   Y N 
2020-01-08 14:43:33.342424: I tensorflow/core/common_runtime/gpu/gpu_device.cc:1304] Created TensorFlow device (/job:localhost/replica:0/task:0/device:GPU:0 with 11439 MB memory) -> physical GPU (device: 0, name: TITAN Xp, pci bus id: 0000:1d:00.0, compute capability: 6.1)
2020-01-08 14:43:33.345192: I tensorflow/core/common_runtime/gpu/gpu_device.cc:1304] Created TensorFlow device (/job:localhost/replica:0/task:0/device:GPU:1 with 11439 MB memory) -> physical GPU (device: 1, name: TITAN Xp, pci bus id: 0000:1e:00.0, compute capability: 6.1)
Traceback (most recent call last):
  File "vgg16.py", line 35, in <module>
    opt = keras.optimizers.Adagard()
AttributeError: module 'keras.optimizers' has no attribute 'Adagard'
 14:43:38 up 6 days, 57 min,  0 users,  load average: 3.05, 2.56, 2.76
